<?xml version="1.0" encoding="UTF-8"?>
<!-- Generated by org.testng.reporters.JUnitXMLReporter -->
<testsuite ignored="0" hostname="DESKTOP-DB3HCV8" failures="0" tests="1" name="Test(failed)" time="8.146" errors="0" timestamp="2026-05-03T07:18:11 IST">
  <testcase classname="testBase.BaseClass" name="@BeforeClass setup" time="7.495">
    <failure type="org.openqa.selenium.WebDriverException" message="unknown error: net::ERR_INTERNET_DISCONNECTED
  (Session info: chrome=147.0.7727.138)
Build info: version: &amp;apos;4.43.0&amp;apos;, revision: &amp;apos;dd0f534&amp;apos;
System info: os.name: &amp;apos;Windows 10&amp;apos;, os.arch: &amp;apos;amd64&amp;apos;, os.version: &amp;apos;10.0&amp;apos;, java.version: &amp;apos;23.0.2&amp;apos;
Driver info: org.openqa.selenium.chrome.ChromeDriver
Command: [d37953d7d74c5e92fd31f53efa4c0d67, get {url=https://tutorialsninja.com/demo/}]
Capabilities {acceptInsecureCerts: false, browserName: chrome, browserVersion: 147.0.7727.138, chrome: {chromedriverVersion: 147.0.7727.117 (474cc805edd..., userDataDir: C:\Users\HP\AppData\Local\T...}, fedcm:accounts: true, goog:chromeOptions: {debuggerAddress: localhost:53166}, goog:processID: 7836, networkConnectionEnabled: false, pageLoadStrategy: normal, platformName: windows, proxy: Proxy(), se:cdp: ws://localhost:53166/devtoo..., se:cdpVersion: 147.0.7727.138, setWindowRect: true, strictFileInteractability: false, timeouts: {implicit: 0, pageLoad: 300000, script: 30000}, unhandledPromptBehavior: dismiss and notify, webauthn:extension:credBlob: true, webauthn:extension:largeBlob: true, webauthn:extension:minPinLength: true, webauthn:extension:prf: true, webauthn:virtualAuthenticators: true}
Session ID: d37953d7d74c5e92fd31f53efa4c0d67">
      <![CDATA[org.openqa.selenium.WebDriverException: unknown error: net::ERR_INTERNET_DISCONNECTED
  (Session info: chrome=147.0.7727.138)
Build info: version: '4.43.0', revision: 'dd0f534'
System info: os.name: 'Windows 10', os.arch: 'amd64', os.version: '10.0', java.version: '23.0.2'
Driver info: org.openqa.selenium.chrome.ChromeDriver
Command: [d37953d7d74c5e92fd31f53efa4c0d67, get {url=https://tutorialsninja.com/demo/}]
Capabilities {acceptInsecureCerts: false, browserName: chrome, browserVersion: 147.0.7727.138, chrome: {chromedriverVersion: 147.0.7727.117 (474cc805edd..., userDataDir: C:\Users\HP\AppData\Local\T...}, fedcm:accounts: true, goog:chromeOptions: {debuggerAddress: localhost:53166}, goog:processID: 7836, networkConnectionEnabled: false, pageLoadStrategy: normal, platformName: windows, proxy: Proxy(), se:cdp: ws://localhost:53166/devtoo..., se:cdpVersion: 147.0.7727.138, setWindowRect: true, strictFileInteractability: false, timeouts: {implicit: 0, pageLoad: 300000, script: 30000}, unhandledPromptBehavior: dismiss and notify, webauthn:extension:credBlob: true, webauthn:extension:largeBlob: true, webauthn:extension:minPinLength: true, webauthn:extension:prf: true, webauthn:virtualAuthenticators: true}
Session ID: d37953d7d74c5e92fd31f53efa4c0d67
at org.openqa.selenium.remote.ErrorCodec.decode(ErrorCodec.java:169)
at org.openqa.selenium.remote.codec.w3c.W3CHttpResponseCodec.decode(W3CHttpResponseCodec.java:142)
at org.openqa.selenium.remote.codec.w3c.W3CHttpResponseCodec.decode(W3CHttpResponseCodec.java:49)
at org.openqa.selenium.remote.HttpCommandExecutor.execute(HttpCommandExecutor.java:223)
at org.openqa.selenium.remote.service.DriverCommandExecutor.invokeExecute(DriverCommandExecutor.java:216)
at org.openqa.selenium.remote.service.DriverCommandExecutor.execute(DriverCommandExecutor.java:174)
at org.openqa.selenium.remote.RemoteWebDriver.execute(RemoteWebDriver.java:606)
at org.openqa.selenium.remote.RemoteWebDriver.get(RemoteWebDriver.java:374)
at testBase.BaseClass.setup(BaseClass.java:52)
at java.base/java.util.ArrayList.forEach(ArrayList.java:1597)
... Removed 23 stack frames]]>
    </failure>
  </testcase> <!-- @BeforeClass setup -->
  <testcase classname="testBase.BaseClass" name="@AfterClass tearDown" time="0.0">
    <skipped/>
  </testcase> <!-- @AfterClass tearDown -->
  <testcase classname="testCases.TC002_LoginTest" name="verify_login" time="0.0">
    <skipped/>
  </testcase> <!-- verify_login -->
</testsuite> <!-- Test(failed) -->
